<?xml version="1.0" encoding="UTF-8"?>
<testng-results ignored="0" total="1" passed="1" failed="0" skipped="0">
  <reporter-output>
  </reporter-output>
  <suite started-at="2023-07-01T21:55:34 PDT" name="Default suite" finished-at="2023-07-01T21:55:38 PDT" duration-ms="4292">
    <groups>
    </groups>
    <test started-at="2023-07-01T21:55:34 PDT" name="Default test" finished-at="2023-07-01T21:55:38 PDT" duration-ms="4292">
      <class name="com.restTests.simpleTests.LoginTekApiWithPojo">
        <test-method is-config="true" signature="init()[pri:0, instance:com.restTests.simpleTests.LoginTekApiWithPojo@59309333]" started-at="2023-07-01T21:55:34 PDT" name="init" finished-at="2023-07-01T21:55:35 PDT" duration-ms="843" status="PASS">
          <reporter-output>
          </reporter-output>
        </test-method> <!-- init -->
        <test-method signature="loginToApi()[pri:0, instance:com.restTests.simpleTests.LoginTekApiWithPojo@59309333]" started-at="2023-07-01T21:55:35 PDT" name="loginToApi" finished-at="2023-07-01T21:55:38 PDT" duration-ms="3392" status="PASS">
          <reporter-output>
          </reporter-output>
        </test-method> <!-- loginToApi -->
      </class> <!-- com.restTests.simpleTests.LoginTekApiWithPojo -->
    </test> <!-- Default test -->
  </suite> <!-- Default suite -->
</testng-results>
